>>> cc

".\..\Src\freertos.c", line 186: Warning:  #177-D: variable "TIM1_flag" was declared but never referenced
    uint8_t TIM1_flag = 1; // ï¿?ï¿?Öªï¿?ï¿?bug
            ^
.\..\Src\freertos.c: 1 warning, 0 errors
".\..\Src\main.c", line 151: Warning:  #223-D: function "DWT_Init" declared implicitly
    DWT_Init(168);
    ^
.\..\Src\main.c: 1 warning, 0 errors
".\..\User\PotocaLayer\judge.c", line 35: Warning:  #167-D: argument of type "volatile uint8_t *" is incompatible with parameter of type "unsigned char *"
              if(Verify_CRC8_Check_Sum(&databuffer[pos],5))
                                       ^
".\..\User\PotocaLayer\judge.c", line 42: Warning:  #167-D: argument of type "volatile uint8_t *" is incompatible with parameter of type "uint8_t *"
              if(Verify_CRC16_Check_Sum(&databuffer[pos],data_length+9))
                                        ^
".\..\User\PotocaLayer\judge.c", line 51: Warning:  #223-D: function "memcpy" declared implicitly
                          memcpy((void*)(&Judge_Hero.status), (const void*)(&databuffer[pos+7]), data_length);
                          ^
.\..\User\PotocaLayer\judge.c: 3 warnings, 0 errors
".\..\User\Task\Chassis_task.c", line 175: Warning:  #223-D: function "set_motor_current_chassis" declared implicitly
    set_motor_current_chassis(0, chassis.motor_info[0].set_current, chassis.motor_info[1].set_current, chassis.motor_info[2].set_current, chassis.motor_info[3].set_current);
    ^
".\..\User\Task\Chassis_task.c", line 138: Warning:  #177-D: function "Motor_Speed_limiting" was declared but never referenced
  static void Motor_Speed_limiting(volatile int16_t *motor_speed, int16_t limit_speed)
              ^
.\..\User\Task\Chassis_task.c: 2 warnings, 0 errors
".\..\User\Task\Gimbal_task.c", line 79: Warning:  #223-D: function "set_motor_current_gimbal" declared implicitly
      set_motor_current_gimbal(1, gimbal_Yaw.motor_info.set_current, 0, 0, 0);
      ^
".\..\User\Task\Gimbal_task.c", line 108: Warning:  #1035-D: single-precision operand implicitly converted to double-precision
          if (err_yaw_angle < -0.1 || err_yaw_angle > 0.1)
                                      ^
.\..\User\Task\Gimbal_task.c: 2 warnings, 0 errors
".\EXCHANGE.c", line 15: Warning:  #223-D: function "osDelay" declared implicitly
  	osDelay(1);
  	^
.\EXCHANGE.c: 1 warning, 0 errors

>>> ld

Program Size: Code=47788 RO-data=3704 RW-data=724 ZI-data=47924  
