[2023-10-30 18:16:36]	[done]
	build successfully !

[2023-10-30 18:17:49]	[done]
	build successfully !

[2023-10-30 18:18:58]	[done]
	build successfully !

[2023-10-30 18:23:31]	[done]
	build successfully !

[2023-10-30 18:23:43]	[done]
	build successfully !

[2023-10-30 18:44:54]	compilation failed at : "c:\Users\14775\Desktop\study\robomaster\Gyroscope\Chassis\Src\freertos.c", exit code: 1
command: 
  "C:\Keil_v5\ARM\ARMCC\bin\armcc.exe" -c --apcs=interwork -I../Inc -I../Drivers/STM32F4xx_HAL_Driver/Inc -I../Drivers/STM32F4xx_HAL_Driver/Inc/Legacy -I../Middlewares/Third_Party/FreeRTOS/Source/include -I../Middlewares/Third_Party/FreeRTOS/Source/CMSIS_RTOS -I../Middlewares/Third_Party/FreeRTOS/Source/portable/RVDS/ARM_CM4F -I../Drivers/CMSIS/Device/ST/STM32F4xx/Include -I../Drivers/CMSIS/Include -I../Application -I../Bsp -I../Components -I../Components/Algorithm -I../Components/Controller -I../Components/Devices -I../Components/Algorithm/Include -I.cmsis/include -IRTE/_C_Board_Standard_Robot -I.eide/deps -I../Src -I../User/Task -I../User/DriverLayer -DUSE_HAL_DRIVER -DSTM32F407xx -DARM_MATH_CM4 -D__FPU_USED="1U" -D__FPU_PRESENT="1U" -D__CC_ARM -DARM_MATH_MATRIX_CHECK -DARM_MATH_ROUNDING --cpu Cortex-M4.fp --li --c99 -D__MICROLIB -O3 --split_sections --diag_suppress=1 --diag_suppress=1295 -g -o .\build\C_Board_Standard_Robot\__\Src\freertos.o --no_depend_system_headers --depend .\build\C_Board_Standard_Robot\__\Src\freertos.d .\..\Src\freertos.c
   at unify_builder.Program.Main(String[] args_)
---
"../User/Task/Gimbal_task.h", line 13: Error:  #81: more than one storage class may not be specified
  typedef typedef struct
          ^
"../User/Task/Gimbal_task.h", line 21: Error:  #65: expected a ";"
      void
      ^
".\..\Src\freertos.c", line 151: Error:  #20: identifier "Gimbal_task" is undefined
    
sThreadDef(GimbalTask, Gimbal_task, osPriorityRealtime, 0, 512);
    ^
".\..\Src\freertos.c", line 186: Warning:  #177-D: variable "TIM1_flag" was declared but never referenced
    uint8_t TIM1_flag = 1; // ï¿?ï¿?Öªï¿?ï¿?bug
            ^
.\..\Src\freertos.c: 1 warning, 3 errors

[2023-10-30 18:45:14]	compilation failed at : "c:\Users\14775\Desktop\study\robomaster\Gyroscope\Chassis\User\Task\Gimbal_task.c", exit code: 1
command: 
  "C:\Keil_v5\ARM\ARMCC\bin\armcc.exe" -c --apcs=interwork -I../Inc -I../Drivers/STM32F4xx_HAL_Driver/Inc -I../Drivers/STM32F4xx_HAL_Driver/Inc/Legacy -I../Middlewares/Third_Party/FreeRTOS/Source/include -I../Middlewares/Third_Party/FreeRTOS/Source/CMSIS_RTOS -I../Middlewares/Third_Party/FreeRTOS/Source/portable/RVDS/ARM_CM4F -I../Drivers/CMSIS/Device/ST/STM32F4xx/Include -I../Drivers/CMSIS/Include -I../Application -I../Bsp -I../Components -I../Components/Algorithm -I../Components/Controller -I../Components/Devices -I../Components/Algorithm/Include -I.cmsis/include -IRTE/_C_Board_Standard_Robot -I.eide/deps -I../Src -I../User/Task -I../User/DriverLayer -DUSE_HAL_DRIVER -DSTM32F407xx -DARM_MATH_CM4 -D__FPU_USED="1U" -D__FPU_PRESENT="1U" -D__CC_ARM -DARM_MATH_MATRIX_CHECK -DARM_MATH_ROUNDING --cpu Cortex-M4.fp --li --c99 -D__MICROLIB -O3 --split_sections --diag_suppress=1 --diag_suppress=1295 -g -o .\build\C_Board_Standard_Robot\__\User\Task\Gimbal_task.o --no_depend_system_headers --depend .\build\C_Board_Standard_Robot\__\User\Task\Gimbal_task.d .\..\User\Task\Gimbal_task.c
   at unify_builder.Program.Main(String[] args_)
---
".\..\User\Task\Gimbal_task.c", line 37: Error:  #136: struct "<unnamed>" has no field "gimbal_motor_pid"
      gimbal.gimbal_motor_pid[0] = 20;
             ^
".\..\User\Task\Gimbal_task.c", line 38: Error:  #136: struct "<unnamed>" has no field "gimbal_motor_pid"
      gimbal.gimbal_motor_pid[1] = 0;
             ^
".\..\User\Task\Gimbal_task.c", line 39: Error:  #136: struct "<unnamed>" has no field "gimbal_motor_pid"
      gimbal.gimbal_motor_pid[2] = 0;
             ^
".\..\User\Task\Gimbal_task.c", line 49: Error:  #20: identifier "gimbal_speed_target" is undefined
      motor_info_chassis[3].set_current = pid_calc(&gimbal.pid, motor_info_chassis[3].rotor_speed, gimbal_speed_target);
                                                                                                   ^
.\..\User\Task\Gimbal_task.c: 0 warnings, 4 errors

[2023-10-30 18:45:54]	compilation failed at : "c:\Users\14775\Desktop\study\robomaster\Gyroscope\Chassis\User\Task\Gimbal_task.c", exit code: 1
command: 
  "C:\Keil_v5\ARM\ARMCC\bin\armcc.exe" -c --apcs=interwork -I../Inc -I../Drivers/STM32F4xx_HAL_Driver/Inc -I../Drivers/STM32F4xx_HAL_Driver/Inc/Legacy -I../Middlewares/Third_Party/FreeRTOS/Source/include -I../Middlewares/Third_Party/FreeRTOS/Source/CMSIS_RTOS -I../Middlewares/Third_Party/FreeRTOS/Source/portable/RVDS/ARM_CM4F -I../Drivers/CMSIS/Device/ST/STM32F4xx/Include -I../Drivers/CMSIS/Include -I../Application -I../Bsp -I../Components -I../Components/Algorithm -I../Components/Controller -I../Components/Devices -I../Components/Algorithm/Include -I.cmsis/include -IRTE/_C_Board_Standard_Robot -I.eide/deps -I../Src -I../User/Task -I../User/DriverLayer -DUSE_HAL_DRIVER -DSTM32F407xx -DARM_MATH_CM4 -D__FPU_USED="1U" -D__FPU_PRESENT="1U" -D__CC_ARM -DARM_MATH_MATRIX_CHECK -DARM_MATH_ROUNDING --cpu Cortex-M4.fp --li --c99 -D__MICROLIB -O3 --split_sections --diag_suppress=1 --diag_suppress=1295 -g -o .\build\C_Board_Standard_Robot\__\User\Task\Gimbal_task.o --no_depend_system_headers --depend .\build\C_Board_Standard_Robot\__\User\Task\Gimbal_task.d .\..\User\Task\Gimbal_task.c
   at unify_builder.Program.Main(String[] args_)
---
".\..\User\Task\Gimbal_task.c", line 48: Error:  #20: identifier "gimbal_speed_target" is undefined
      motor_info_chassis[3].set_current = pid_calc(&gimbal.pid, motor_info_chassis[3].rotor_speed, gimbal_speed_target);
                                                                                                   ^
.\..\User\Task\Gimbal_task.c: 0 warnings, 1 error

[2023-10-30 18:46:54]	compilation failed at : "c:\Users\14775\Desktop\study\robomaster\Gyroscope\Chassis\User\Task\Gimbal_task.c", exit code: 1
command: 
  "C:\Keil_v5\ARM\ARMCC\bin\armcc.exe" -c --apcs=interwork -I../Inc -I../Drivers/STM32F4xx_HAL_Driver/Inc -I../Drivers/STM32F4xx_HAL_Driver/Inc/Legacy -I../Middlewares/Third_Party/FreeRTOS/Source/include -I../Middlewares/Third_Party/FreeRTOS/Source/CMSIS_RTOS -I../Middlewares/Third_Party/FreeRTOS/Source/portable/RVDS/ARM_CM4F -I../Drivers/CMSIS/Device/ST/STM32F4xx/Include -I../Drivers/CMSIS/Include -I../Application -I../Bsp -I../Components -I../Components/Algorithm -I../Components/Controller -I../Components/Devices -I../Components/Algorithm/Include -I.cmsis/include -IRTE/_C_Board_Standard_Robot -I.eide/deps -I../Src -I../User/Task -I../User/DriverLayer -DUSE_HAL_DRIVER -DSTM32F407xx -DARM_MATH_CM4 -D__FPU_USED="1U" -D__FPU_PRESENT="1U" -D__CC_ARM -DARM_MATH_MATRIX_CHECK -DARM_MATH_ROUNDING --cpu Cortex-M4.fp --li --c99 -D__MICROLIB -O3 --split_sections --diag_suppress=1 --diag_suppress=1295 -g -o .\build\C_Board_Standard_Robot\__\User\Task\Gimbal_task.o --no_depend_system_headers --depend .\build\C_Board_Standard_Robot\__\User\Task\Gimbal_task.d .\..\User\Task\Gimbal_task.c
   at unify_builder.Program.Main(String[] args_)
---
".\..\User\Task\Gimbal_task.c", line 50: Error:  #20: identifier "gimbal_speed_target" is undefined
      gimbal.motor_info.set_current = pid_calc(&gimbal.pid, motor_info_chassis[3].rotor_speed, gimbal_speed_target);
                                                                                               ^
.\..\User\Task\Gimbal_task.c: 0 warnings, 1 error

[2023-10-30 18:47:15]	[done]
	build successfully !

[2023-10-30 18:51:04]	[done]
	build successfully !

[2023-10-30 18:53:12]	[done]
	build successfully !

[2023-10-30 19:46:11]	[done]
	build successfully !

[2023-10-30 19:50:03]	[done]
	build successfully !

[2023-10-30 19:51:00]	[done]
	build successfully !

[2023-10-30 19:53:46]	compilation failed at : "c:\Users\14775\Desktop\study\robomaster\Gyroscope\Chassis\User\Task\Gimbal_task.c", exit code: 1
command: 
  "C:\Keil_v5\ARM\ARMCC\bin\armcc.exe" -c --apcs=interwork -I../Inc -I../Drivers/STM32F4xx_HAL_Driver/Inc -I../Drivers/STM32F4xx_HAL_Driver/Inc/Legacy -I../Middlewares/Third_Party/FreeRTOS/Source/include -I../Middlewares/Third_Party/FreeRTOS/Source/CMSIS_RTOS -I../Middlewares/Third_Party/FreeRTOS/Source/portable/RVDS/ARM_CM4F -I../Drivers/CMSIS/Device/ST/STM32F4xx/Include -I../Drivers/CMSIS/Include -I../Application -I../Bsp -I../Components -I../Components/Algorithm -I../Components/Controller -I../Components/Devices -I../Components/Algorithm/Include -I.cmsis/include -IRTE/_C_Board_Standard_Robot -I.eide/deps -I../Src -I../User/Task -I../User/DriverLayer -DUSE_HAL_DRIVER -DSTM32F407xx -DARM_MATH_CM4 -D__FPU_USED="1U" -D__FPU_PRESENT="1U" -D__CC_ARM -DARM_MATH_MATRIX_CHECK -DARM_MATH_ROUNDING --cpu Cortex-M4.fp --li --c99 -D__MICROLIB -O3 --split_sections --diag_suppress=1 --diag_suppress=1295 -g -o .\build\C_Board_Standard_Robot\__\User\Task\Gimbal_task.o --no_depend_system_headers --depend .\build\C_Board_Standard_Robot\__\User\Task\Gimbal_task.d .\..\User\Task\Gimbal_task.c
   at unify_builder.Program.Main(String[] args_)
---
".\..\User\Task\Gimbal_task.c", line 60: Error:  #20: identifier "RC_MIN" is undefined
      if (rc_ctrl.rc.ch[1] >= RC_MIN && rc_ctrl.rc.ch[1] <= 660)
                              ^
.\..\User\Task\Gimbal_task.c: 0 warnings, 1 error

[2023-10-30 19:53:52]	[done]
	build successfully !

